#
# There is insufficient memory for the Java Runtime Environment to continue.
# Native memory allocation (malloc) failed to allocate 1048576 bytes for AllocateHeap
# Possible reasons:
#   The system is out of physical RAM or swap space
#   In 32 bit mode, the process size limit was hit
# Possible solutions:
#   Reduce memory load on the system
#   Increase physical memory or swap space
#   Check if swap backing store is full
#   Use 64 bit Java on a 64 bit OS
#   Decrease Java heap size (-Xmx/-Xms)
#   Decrease number of Java threads
#   Decrease Java thread stack sizes (-Xss)
#   Set larger code cache with -XX:ReservedCodeCacheSize=
# This output file may be truncated or incomplete.
#
#  Out of Memory Error (memory/allocation.inline.hpp:61), pid=14604, tid=13484
#
# JRE version:  (8.0_51-b16) (build )
# Java VM: Java HotSpot(TM) 64-Bit Server VM (25.51-b03 mixed mode windows-amd64 compressed oops)
# Failed to write core dump. Minidumps are not enabled by default on client versions of Windows
#

---------------  T H R E A D  ---------------

Current thread (0x00000000003ae800):  JavaThread "Unknown thread" [_thread_in_vm, id=13484, stack(0x0000000002210000,0x0000000002310000)]

Stack: [0x0000000002210000,0x0000000002310000]
Native frames: (J=compiled Java code, j=interpreted, Vv=VM code, C=native code)
V  [jvm.dll+0x32b4ca]
V  [jvm.dll+0x2797e3]
V  [jvm.dll+0x27a479]
V  [jvm.dll+0x271765]
V  [jvm.dll+0x1606]
V  [jvm.dll+0x2707d2]
V  [jvm.dll+0x3eec6a]
V  [jvm.dll+0x3ea537]
V  [jvm.dll+0xf2c22]
V  [jvm.dll+0x20f0a9]
V  [jvm.dll+0x240d2a]
V  [jvm.dll+0x15b9a1]
C  [java.exe+0x216e]
C  [java.exe+0xcd07]
C  [java.exe+0xcd9b]
C  [kernel32.dll+0x159ed]
C  [ntdll.dll+0x2ba01]


---------------  P R O C E S S  ---------------

Java Threads: ( => current thread )

Other Threads:

=>0x00000000003ae800 (exited) JavaThread "Unknown thread" [_thread_in_vm, id=13484, stack(0x0000000002210000,0x0000000002310000)]

VM state:not at safepoint (normal execution)

VM Mutex/Monitor currently owned by a thread: None

Heap:
 PSYoungGen      total 38400K, used 665K [0x00000000eab00000, 0x00000000ed580000, 0x0000000100000000)
  eden space 33280K, 2% used [0x00000000eab00000,0x00000000eaba6670,0x00000000ecb80000)
  from space 5120K, 0% used [0x00000000ed080000,0x00000000ed080000,0x00000000ed580000)
  to   space 5120K, 0% used [0x00000000ecb80000,0x00000000ecb80000,0x00000000ed080000)
 ParOldGen       total 87552K, used 0K [0x00000000c0000000, 0x00000000c5580000, 0x00000000eab00000)
  object space 87552K, 0% used [0x00000000c0000000,0x00000000c0000000,0x00000000c5580000)
 Metaspace       used 766K, capacity 4480K, committed 4480K, reserved 1056768K
  class space    used 75K, capacity 384K, committed 384K, reserved 1048576K

Card table byte_map: [0x00000000119a0000,0x0000000011bb0000] byte_map_base: 0x00000000113a0000

Marking Bits: (ParMarkBitMap*) 0x0000000070a24040
 Begin Bits: [0x00000000121b0000, 0x00000000131b0000)
 End Bits:   [0x00000000131b0000, 0x00000000141b0000)

Polling page: 0x0000000000390000

CodeCache: size=245760Kb used=328Kb max_used=328Kb free=245431Kb
 bounds [0x00000000025e0000, 0x0000000002850000, 0x00000000115e0000]
 total_blobs=57 nmethods=0 adapters=37
 compilation: enabled

Compilation events (0 events):
No events

GC Heap History (0 events):
No events

Deoptimization events (0 events):
No events

Internal exceptions (0 events):
No events

Events (10 events):
Event: 0.086 loading class java/lang/Short
Event: 0.087 loading class java/lang/Short done
Event: 0.087 loading class java/lang/Integer
Event: 0.087 loading class java/lang/Integer done
Event: 0.087 loading class java/lang/Long
Event: 0.087 loading class java/lang/Long done
Event: 0.088 loading class java/lang/NullPointerException
Event: 0.088 loading class java/lang/NullPointerException done
Event: 0.088 loading class java/lang/ArithmeticException
Event: 0.088 loading class java/lang/ArithmeticException done


Dynamic libraries:
0x000000013f690000 - 0x000000013f6c7000 	C:\Program Files\Java\jdk1.8.0_51\bin\java.exe
0x0000000077130000 - 0x00000000772da000 	C:\windows\SYSTEM32\ntdll.dll
0x0000000077010000 - 0x000000007712f000 	C:\windows\system32\kernel32.dll
0x000007fefd010000 - 0x000007fefd07c000 	C:\windows\system32\KERNELBASE.dll
0x000007fefd5f0000 - 0x000007fefd6cb000 	C:\windows\system32\ADVAPI32.dll
0x000007fefeb20000 - 0x000007fefebbf000 	C:\windows\system32\msvcrt.dll
0x000007fefd5d0000 - 0x000007fefd5ef000 	C:\windows\SYSTEM32\sechost.dll
0x000007feff1c0000 - 0x000007feff2ed000 	C:\windows\system32\RPCRT4.dll
0x0000000076f10000 - 0x000000007700a000 	C:\windows\system32\USER32.dll
0x000007feff2f0000 - 0x000007feff357000 	C:\windows\system32\GDI32.dll
0x000007fefd2b0000 - 0x000007fefd2be000 	C:\windows\system32\LPK.dll
0x000007fefd500000 - 0x000007fefd5c9000 	C:\windows\system32\USP10.dll
0x000007fefbb40000 - 0x000007fefbd34000 	C:\windows\WinSxS\amd64_microsoft.windows.common-controls_6595b64144ccf1df_6.0.7601.18807_none_fa381d5f175bfb52\COMCTL32.dll
0x000007feff140000 - 0x000007feff1b1000 	C:\windows\system32\SHLWAPI.dll
0x000007fefd4d0000 - 0x000007fefd4fe000 	C:\windows\system32\IMM32.DLL
0x000007feff010000 - 0x000007feff119000 	C:\windows\system32\MSCTF.dll
0x000007fef9df0000 - 0x000007fef9e96000 	C:\Program Files\McAfee\Host Intrusion Prevention\HcApi.dll
0x0000000072c60000 - 0x0000000072c6b000 	C:\Program Files\McAfee\Host Intrusion Prevention\HcThe.dll
0x0000000079060000 - 0x0000000079132000 	C:\Program Files\Java\jdk1.8.0_51\jre\bin\msvcr100.dll
0x0000000070220000 - 0x0000000070aa3000 	C:\Program Files\Java\jdk1.8.0_51\jre\bin\server\jvm.dll
0x000007fef8cf0000 - 0x000007fef8cf9000 	C:\windows\system32\WSOCK32.dll
0x000007fefebc0000 - 0x000007fefec0d000 	C:\windows\system32\WS2_32.dll
0x000007feff000000 - 0x000007feff008000 	C:\windows\system32\NSI.dll
0x000007fefada0000 - 0x000007fefaddb000 	C:\windows\system32\WINMM.dll
0x000007fefc0a0000 - 0x000007fefc0ac000 	C:\windows\system32\VERSION.dll
0x00000000772f0000 - 0x00000000772f7000 	C:\windows\system32\PSAPI.DLL
0x0000000000380000 - 0x000000000038f000 	C:\Program Files\Java\jdk1.8.0_51\jre\bin\verify.dll
0x000000006d7f0000 - 0x000000006d819000 	C:\Program Files\Java\jdk1.8.0_51\jre\bin\java.dll
0x0000000070ae0000 - 0x0000000070af6000 	C:\Program Files\Java\jdk1.8.0_51\jre\bin\zip.dll
0x000007fef0390000 - 0x000007fef04b5000 	C:\windows\system32\dbghelp.dll

VM Arguments:
jvm_args: -Xmx1024M -Dfile.encoding=windows-1252 -Duser.country=CR -Duser.language=es -Duser.variant 
java_command: com.android.dx.command.Main --dex --output C:\Users\suarezch\Google Drive\Mis materias de la U\2015-II Programación con Patrones\Helicoptero\app\build\intermediates\dex\debug C:\Users\suarezch\Google Drive\Mis materias de la U\2015-II Programación con Patrones\Helicoptero\app\build\intermediates\classes\debug C:\Users\suarezch\Google Drive\Mis materias de la U\2015-II Programación con Patrones\Helicoptero\app\build\intermediates\pre-dexed\debug\support-annotations-22.2.1-dca23aedaf40217f4cf0f6698c432bb691e79c9c.jar C:\Users\suarezch\Google Drive\Mis materias de la U\2015-II Programación con Patrones\Helicoptero\app\build\intermediates\pre-dexed\debug\internal_impl-22.2.1-8fb92a4bc8d7e8737d9e847caca56a654e01e42b.jar C:\Users\suarezch\Google Drive\Mis materias de la U\2015-II Programación con Patrones\Helicoptero\app\build\intermediates\pre-dexed\debug\classes-e191b19eeb5180fe5ca0954796192b04d9f4f758.jar C:\Users\suarezch\Google Drive\Mis materias de la U\2015-II Programación con Patrones\Helicoptero\app\build\intermediates\pre-dexed\debug\classes-80c155c1805b9be283d4b4f814b8fa9dd3db0240.jar
java_class_path (initial): C:\Users\suarezch\AppData\Local\Android\sdk\build-tools\22.0.1\lib\dx.jar
Launcher Type: SUN_STANDARD

Environment Variables:
PATH=C:\ProgramData\Oracle\Java\javapath;C:\windows\system32;C:\windows;C:\windows\System32\Wbem;C:\windows\System32\WindowsPowerShell\v1.0\;C:\Program Files\ActivIdentity\ActivClient\;C:\Program Files (x86)\ActivIdentity\ActivClient\;C:\Program Files\WIDCOMM\Bluetooth Software\;C:\Program Files\WIDCOMM\Bluetooth Software\syswow64;C:\Program Files\Microsoft\Web Platform Installer\;C:\Program Files (x86)\Microsoft ASP.NET\ASP.NET Web Pages\v1.0\;C:\Program Files (x86)\Windows Kits\8.0\Windows Performance Toolkit\;C:\Program Files\Microsoft SQL Server\110\Tools\Binn\;C:\Program Files\Microsoft SQL Server\110\DTS\Binn\;C:\Program Files (x86)\Microsoft SQL Server\110\Tools\Binn\;C:\Program Files (x86)\Microsoft SQL Server\110\Tools\Binn\ManagementStudio\;C:\Program Files (x86)\Microsoft Visual Studio 10.0\Common7\IDE\PrivateAssemblies\;C:\Program Files (x86)\Microsoft SQL Server\110\DTS\Binn\;C:\windows\System32\WindowsPowerShell\v1.0\;C:\Users\suarezch\AppData\Local\GitHub\PortableGit_c2ba306e536fdf878271f7fe636a147ff37326ad\bin\git.exe;C:\ProgramData\Hewlett-Packard\PC COE\VSC\Drivers\
USERNAME=suarezch
OS=Windows_NT
PROCESSOR_IDENTIFIER=Intel64 Family 6 Model 42 Stepping 7, GenuineIntel



---------------  S Y S T E M  ---------------

OS: Windows 7 , 64 bit Build 7601 (6.1.7601.18409)

CPU:total 4 (2 cores per cpu, 2 threads per core) family 6 model 42 stepping 7, cmov, cx8, fxsr, mmx, sse, sse2, sse3, ssse3, sse4.1, sse4.2, popcnt, avx, aes, clmul, ht, tsc, tscinvbit

Memory: 4k page, physical 8337768k(2408988k free), swap 33349212k(26664k free)

vm_info: Java HotSpot(TM) 64-Bit Server VM (25.51-b03) for windows-amd64 JRE (1.8.0_51-b16), built on Jun  8 2015 18:03:07 by "java_re" with MS VC++ 10.0 (VS2010)

time: Sat Aug 22 16:04:59 2015
elapsed time: 1 seconds (0d 0h 0m 1s)

